# JRE version: OpenJDK Runtime Environment (11.0.10) (build 11.0.10+0-b96-7249189)
# Java VM: OpenJDK 64-Bit Server VM (11.0.10+0-b96-7249189, mixed mode, tiered, compressed oops, g1 gc, windows-amd64)
Heap:
 garbage-first heap   total 261120K, used 207872K [0x0000000080000000, 0x0000000100000000)
  region size 1024K, 137 young (140288K), 9 survivors (9216K)
 Metaspace       used 108879K, capacity 112290K, committed 112544K, reserved 1146880K
  class space    used 14049K, capacity 15314K, committed 15360K, reserved 1048576K
GC Heap History (20 events):
Event: 3.137 GC heap before
{Heap before GC invocations=3 (full 0):
 garbage-first heap   total 260096K, used 57992K [0x0000000080000000, 0x0000000100000000)
  region size 1024K, 52 young (53248K), 11 survivors (11264K)
 Metaspace       used 25542K, capacity 26147K, committed 26368K, reserved 1073152K
  class space    used 3328K, capacity 3568K, committed 3584K, reserved 1048576K
}
Event: 3.144 GC heap after
{Heap after GC invocations=4 (full 0):
 garbage-first heap   total 260096K, used 18215K [0x0000000080000000, 0x0000000100000000)
  region size 1024K, 3 young (3072K), 3 survivors (3072K)
 Metaspace       used 25542K, capacity 26147K, committed 26368K, reserved 1073152K
  class space    used 3328K, capacity 3568K, committed 3584K, reserved 1048576K
}
Event: 3.838 GC heap before
{Heap before GC invocations=4 (full 0):
 garbage-first heap   total 260096K, used 73511K [0x0000000080000000, 0x0000000100000000)
  region size 1024K, 58 young (59392K), 3 survivors (3072K)
 Metaspace       used 35102K, capacity 35821K, committed 35840K, reserved 1081344K
  class space    used 4568K, capacity 4856K, committed 4864K, reserved 1048576K
}
Event: 3.847 GC heap after
{Heap after GC invocations=5 (full 0):
 garbage-first heap   total 260096K, used 21391K [0x0000000080000000, 0x0000000100000000)
  region size 1024K, 6 young (6144K), 6 survivors (6144K)
 Metaspace       used 35102K, capacity 35821K, committed 35840K, reserved 1081344K
  class space    used 4568K, capacity 4856K, committed 4864K, reserved 1048576K
}
Event: 4.959 GC heap before
{Heap before GC invocations=6 (full 0):
 garbage-first heap   total 260096K, used 134031K [0x0000000080000000, 0x0000000100000000)
  region size 1024K, 113 young (115712K), 6 survivors (6144K)
 Metaspace       used 44113K, capacity 45145K, committed 45312K, reserved 1089536K
  class space    used 5666K, capacity 6022K, committed 6144K, reserved 1048576K
}
Event: 4.965 GC heap after
{Heap after GC invocations=7 (full 0):
 garbage-first heap   total 260096K, used 26413K [0x0000000080000000, 0x0000000100000000)
  region size 1024K, 11 young (11264K), 11 survivors (11264K)
 Metaspace       used 44113K, capacity 45145K, committed 45312K, reserved 1089536K
  class space    used 5666K, capacity 6022K, committed 6144K, reserved 1048576K
}
Event: 6.562 GC heap before
{Heap before GC invocations=7 (full 0):
 garbage-first heap   total 260096K, used 167725K [0x0000000080000000, 0x0000000100000000)
  region size 1024K, 147 young (150528K), 11 survivors (11264K)
 Metaspace       used 58709K, capacity 60078K, committed 60160K, reserved 1101824K
  class space    used 7436K, capacity 7919K, committed 7936K, reserved 1048576K
}
Event: 6.587 GC heap after
{Heap after GC invocations=8 (full 0):
 garbage-first heap   total 260096K, used 42255K [0x0000000080000000, 0x0000000100000000)
  region size 1024K, 19 young (19456K), 19 survivors (19456K)
 Metaspace       used 58709K, capacity 60078K, committed 60160K, reserved 1101824K
  class space    used 7436K, capacity 7919K, committed 7936K, reserved 1048576K
}
Event: 8.079 GC heap before
{Heap before GC invocations=9 (full 0):
 garbage-first heap   total 260096K, used 178447K [0x0000000080000000, 0x0000000100000000)
  region size 1024K, 152 young (155648K), 19 survivors (19456K)
 Metaspace       used 71618K, capacity 73290K, committed 73548K, reserved 1112064K
  class space    used 9405K, capacity 9987K, committed 10112K, reserved 1048576K
}
Event: 8.094 GC heap after
{Heap after GC invocations=10 (full 0):
 garbage-first heap   total 260096K, used 51153K [0x0000000080000000, 0x0000000100000000)
  region size 1024K, 10 young (10240K), 10 survivors (10240K)
 Metaspace       used 71618K, capacity 73290K, committed 73548K, reserved 1112064K
  class space    used 9405K, capacity 9987K, committed 10112K, reserved 1048576K
}
Event: 9.532 GC heap before
{Heap before GC invocations=10 (full 0):
 garbage-first heap   total 260096K, used 187345K [0x0000000080000000, 0x0000000100000000)
  region size 1024K, 144 young (147456K), 10 survivors (10240K)
 Metaspace       used 76460K, capacity 78445K, committed 78668K, reserved 1118208K
  class space    used 9949K, capacity 10624K, committed 10624K, reserved 1048576K
}
Event: 9.548 GC heap after
{Heap after GC invocations=11 (full 0):
 garbage-first heap   total 260096K, used 59660K [0x0000000080000000, 0x0000000100000000)
  region size 1024K, 18 young (18432K), 18 survivors (18432K)
 Metaspace       used 76460K, capacity 78445K, committed 78668K, reserved 1118208K
  class space    used 9949K, capacity 10624K, committed 10624K, reserved 1048576K
}
Event: 11.658 GC heap before
{Heap before GC invocations=11 (full 0):
 garbage-first heap   total 260096K, used 196876K [0x0000000080000000, 0x0000000100000000)
  region size 1024K, 151 young (154624K), 18 survivors (18432K)
 Metaspace       used 87160K, capacity 89403K, committed 89548K, reserved 1126400K
  class space    used 11205K, capacity 11980K, committed 12032K, reserved 1048576K
}
Event: 11.673 GC heap after
{Heap after GC invocations=12 (full 0):
 garbage-first heap   total 260096K, used 69686K [0x0000000080000000, 0x0000000100000000)
  region size 1024K, 17 young (17408K), 17 survivors (17408K)
 Metaspace       used 87160K, capacity 89403K, committed 89548K, reserved 1126400K
  class space    used 11205K, capacity 11980K, committed 12032K, reserved 1048576K
}
Event: 12.535 GC heap before
{Heap before GC invocations=12 (full 0):
 garbage-first heap   total 260096K, used 160822K [0x0000000080000000, 0x0000000100000000)
  region size 1024K, 108 young (110592K), 17 survivors (17408K)
 Metaspace       used 97687K, capacity 100735K, committed 100812K, reserved 1136640K
  class space    used 12908K, capacity 14071K, committed 14080K, reserved 1048576K
}
Event: 12.555 GC heap after
{Heap after GC invocations=13 (full 0):
 garbage-first heap   total 260096K, used 70349K [0x0000000080000000, 0x0000000100000000)
  region size 1024K, 11 young (11264K), 11 survivors (11264K)
 Metaspace       used 97687K, capacity 100735K, committed 100812K, reserved 1136640K
  class space    used 12908K, capacity 14071K, committed 14080K, reserved 1048576K
}
Event: 20.812 GC heap before
{Heap before GC invocations=14 (full 0):
 garbage-first heap   total 260096K, used 240333K [0x0000000080000000, 0x0000000100000000)
  region size 1024K, 144 young (147456K), 11 survivors (11264K)
 Metaspace       used 107701K, capacity 111049K, committed 111264K, reserved 1144832K
  class space    used 14010K, capacity 15245K, committed 15360K, reserved 1048576K
}
Event: 20.824 GC heap after
{Heap after GC invocations=15 (full 0):
 garbage-first heap   total 261120K, used 78247K [0x0000000080000000, 0x0000000100000000)
  region size 1024K, 12 young (12288K), 12 survivors (12288K)
 Metaspace       used 107701K, capacity 111049K, committed 111264K, reserved 1144832K
  class space    used 14010K, capacity 15245K, committed 15360K, reserved 1048576K
}
Event: 28.240 GC heap before
{Heap before GC invocations=15 (full 0):
 garbage-first heap   total 261120K, used 207271K [0x0000000080000000, 0x0000000100000000)
  region size 1024K, 139 young (142336K), 12 survivors (12288K)
 Metaspace       used 108385K, capacity 111754K, committed 112032K, reserved 1146880K
  class space    used 14022K, capacity 15264K, committed 15360K, reserved 1048576K
}
Event: 28.250 GC heap after
{Heap after GC invocations=16 (full 0):
 garbage-first heap   total 261120K, used 78848K [0x0000000080000000, 0x0000000100000000)
  region size 1024K, 9 young (9216K), 9 survivors (9216K)
 Metaspace       used 108385K, capacity 111754K, committed 112032K, reserved 1146880K
  class space    used 14022K, capacity 15264K, committed 15360K, reserved 1048576K
}

